TN:
SF:index.js
FN:18,(anonymous_0)
FN:32,(anonymous_1)
FN:37,(anonymous_2)
FN:48,(anonymous_3)
FN:61,main
FNF:5
FNH:3
FNDA:4,(anonymous_0)
FNDA:0,(anonymous_1)
FNDA:0,(anonymous_2)
FNDA:1,(anonymous_3)
FNDA:1,main
DA:1,1
DA:2,1
DA:3,1
DA:4,1
DA:5,1
DA:6,1
DA:7,1
DA:8,1
DA:9,1
DA:11,1
DA:12,1
DA:14,1
DA:16,1
DA:18,1
DA:19,4
DA:20,4
DA:21,4
DA:25,1
DA:26,1
DA:27,1
DA:28,1
DA:32,1
DA:33,0
DA:37,1
DA:39,0
DA:40,0
DA:43,0
DA:44,0
DA:48,1
DA:49,1
DA:53,1
DA:54,1
DA:57,1
DA:63,1
DA:64,1
DA:69,1
DA:72,1
DA:76,1
LF:38
LH:33
BRDA:6,0,0,1
BRDA:6,0,1,1
BRDA:20,1,0,4
BRDA:20,1,1,4
BRDA:40,2,0,0
BRDA:40,2,1,0
BRDA:43,3,0,0
BRDA:43,3,1,0
BRF:8
BRH:4
end_of_record
TN:
SF:controllers/health.js
FN:3,(anonymous_0)
FNF:1
FNH:1
FNDA:1,(anonymous_0)
DA:1,1
DA:3,1
DA:4,1
DA:5,1
DA:6,1
DA:13,0
DA:16,1
LF:7
LH:6
BRF:0
BRH:0
end_of_record
TN:
SF:controllers/user.js
FN:7,(anonymous_0)
FN:31,(anonymous_1)
FN:54,(anonymous_2)
FNF:3
FNH:3
FNDA:1,(anonymous_0)
FNDA:1,(anonymous_1)
FNDA:1,(anonymous_2)
DA:1,1
DA:3,1
DA:4,1
DA:5,1
DA:7,1
DA:8,1
DA:9,1
DA:10,1
DA:11,1
DA:12,1
DA:13,1
DA:14,1
DA:16,1
DA:17,1
DA:18,1
DA:25,0
DA:31,1
DA:32,1
DA:33,1
DA:34,1
DA:35,1
DA:36,1
DA:37,1
DA:38,1
DA:40,1
DA:41,1
DA:42,1
DA:49,0
DA:54,1
DA:55,1
DA:58,1
DA:59,1
DA:60,1
DA:61,1
DA:62,1
DA:63,1
DA:64,1
DA:67,1
DA:69,1
DA:70,1
DA:77,0
DA:80,1
LF:42
LH:39
BRF:0
BRH:0
end_of_record
